<?xml version="1.0" encoding="UTF-8"?>
<!-- Generated by org.testng.reporters.JUnitXMLReporter -->
<testsuite hostname="Dell-PC" failures="0" tests="3" name="API Test Suite" time="3.518" errors="0" timestamp="13 Jul 2021 10:44:31 GMT">
  <testcase classname="com.test.TC01_GET_Request" name="test_02" time="2.913"/>
  <testcase classname="com.test.Tests_GET" name="test_1" time="0.139"/>
  <testcase classname="com.test.Tests_POST" name="test_1_delete" time="0.435"/>
</testsuite> <!-- API Test Suite -->
