<?xml version="1.0" encoding="UTF-8"?>
<testng-results total="3" passed="3" failed="0" skipped="0">
  <reporter-output>
  </reporter-output>
  <suite started-at="2021-07-13T10:44:28Z" name="API Test Automation Suite" finished-at="2021-07-13T10:44:31Z" duration-ms="3518">
    <groups>
    </groups>
    <test started-at="2021-07-13T10:44:28Z" name="API Test Suite" finished-at="2021-07-13T10:44:31Z" duration-ms="3518">
      <class name="com.test.Tests_POST">
        <test-method signature="test_1_delete()[pri:0, instance:com.test.Tests_POST@2898ac89]" started-at="2021-07-13T16:14:31Z" name="test_1_delete" finished-at="2021-07-13T16:14:31Z" duration-ms="435" status="PASS">
          <reporter-output>
          </reporter-output>
        </test-method> <!-- test_1_delete -->
      </class> <!-- com.test.Tests_POST -->
      <class name="com.test.TC01_GET_Request">
        <test-method signature="test_02()[pri:0, instance:com.test.TC01_GET_Request@3c0be339]" started-at="2021-07-13T16:14:28Z" name="test_02" finished-at="2021-07-13T16:14:31Z" duration-ms="2913" status="PASS">
          <reporter-output>
          </reporter-output>
        </test-method> <!-- test_02 -->
      </class> <!-- com.test.TC01_GET_Request -->
      <class name="com.test.Tests_GET">
        <test-method signature="test_1()[pri:0, instance:com.test.Tests_GET@6e509ffa]" started-at="2021-07-13T16:14:31Z" name="test_1" finished-at="2021-07-13T16:14:31Z" duration-ms="139" status="PASS">
          <reporter-output>
          </reporter-output>
        </test-method> <!-- test_1 -->
      </class> <!-- com.test.Tests_GET -->
    </test> <!-- API Test Suite -->
  </suite> <!-- API Test Automation Suite -->
</testng-results>
