<?xml version="1.0" encoding="UTF-8"?>
<testng-results skipped="0" failed="0" total="1" passed="1">
  <reporter-output>
  </reporter-output>
  <suite name="Default suite" duration-ms="5137" started-at="2021-07-15T15:49:16Z" finished-at="2021-07-15T15:49:21Z">
    <groups>
    </groups>
    <test name="Default test" duration-ms="5137" started-at="2021-07-15T15:49:16Z" finished-at="2021-07-15T15:49:21Z">
      <class name="com.test.TC01_GET_Request">
        <test-method status="PASS" signature="test_02()[pri:0, instance:com.test.TC01_GET_Request@26653222]" name="test_02" duration-ms="5109" started-at="2021-07-15T21:19:16Z" finished-at="2021-07-15T21:19:21Z">
          <reporter-output>
          </reporter-output>
        </test-method> <!-- test_02 -->
      </class> <!-- com.test.TC01_GET_Request -->
    </test> <!-- Default test -->
  </suite> <!-- Default suite -->
</testng-results>
